<?xml version="1.0" encoding="UTF-8"?>
<!-- Generated by org.testng.reporters.JUnitReportReporter -->
<testsuite hostname="LAPTOP-RK6TF8J2" failures="0" tests="1" name="com.apitest.ferrari.AppTest" time="0.004" errors="0" timestamp="2021-02-17T21:23:37 GMT" skipped="0">
  <testcase classname="com.apitest.ferrari.AppTest" name="shouldAnswerWithTrue" time="0.004"/>
  <system-out/>
</testsuite> <!-- com.apitest.ferrari.AppTest -->
